<?xml version="1.0" encoding="UTF-8"?>
<testsuite xmlns:xsi="http://www.w3.org/2001/XMLSchema-instance" xsi:noNamespaceSchemaLocation="https://maven.apache.org/surefire/maven-surefire-plugin/xsd/surefire-test-report.xsd" name="it.unimol.monopoli.PlayerTest" time="0.133" tests="7" errors="0" skipped="0" failures="0">
  <properties>
    <property name="java.specification.version" value="19"/>
    <property name="sun.cpu.isalist" value="amd64"/>
    <property name="sun.jnu.encoding" value="Cp1252"/>
    <property name="java.class.path" value="C:\Users\paolo\Desktop\Monopoli\target\test-classes;C:\Users\paolo\Desktop\Monopoli\target\classes;C:\Users\paolo\.m2\repository\junit\junit\4.13.1\junit-4.13.1.jar;C:\Users\paolo\.m2\repository\org\hamcrest\hamcrest-core\1.3\hamcrest-core-1.3.jar;"/>
    <property name="java.vm.vendor" value="Oracle Corporation"/>
    <property name="sun.arch.data.model" value="64"/>
    <property name="user.variant" value=""/>
    <property name="java.vendor.url" value="https://java.oracle.com/"/>
    <property name="user.timezone" value="Europe/Rome"/>
    <property name="os.name" value="Windows 11"/>
    <property name="java.vm.specification.version" value="19"/>
    <property name="sun.java.launcher" value="SUN_STANDARD"/>
    <property name="user.country" value="IT"/>
    <property name="sun.boot.library.path" value="C:\Program Files\Java\jdk-19\bin"/>
    <property name="sun.java.command" value="C:\Users\paolo\AppData\Local\Temp\surefire16628577575919509005\surefirebooter4596467120780082707.jar C:\Users\paolo\AppData\Local\Temp\surefire16628577575919509005 2022-12-28T17-11-57_872-jvmRun1 surefire4196873265370393566tmp surefire_08703461160540195632tmp"/>
    <property name="jdk.debug" value="release"/>
    <property name="surefire.test.class.path" value="C:\Users\paolo\Desktop\Monopoli\target\test-classes;C:\Users\paolo\Desktop\Monopoli\target\classes;C:\Users\paolo\.m2\repository\junit\junit\4.13.1\junit-4.13.1.jar;C:\Users\paolo\.m2\repository\org\hamcrest\hamcrest-core\1.3\hamcrest-core-1.3.jar;"/>
    <property name="sun.cpu.endian" value="little"/>
    <property name="user.home" value="C:\Users\paolo"/>
    <property name="user.language" value="it"/>
    <property name="java.specification.vendor" value="Oracle Corporation"/>
    <property name="java.version.date" value="2022-10-18"/>
    <property name="java.home" value="C:\Program Files\Java\jdk-19"/>
    <property name="file.separator" value="\"/>
    <property name="basedir" value="C:\Users\paolo\Desktop\Monopoli"/>
    <property name="java.vm.compressedOopsMode" value="Zero based"/>
    <property name="line.separator" value="&#10;"/>
    <property name="java.vm.specification.vendor" value="Oracle Corporation"/>
    <property name="java.specification.name" value="Java Platform API Specification"/>
    <property name="surefire.real.class.path" value="C:\Users\paolo\AppData\Local\Temp\surefire16628577575919509005\surefirebooter4596467120780082707.jar"/>
    <property name="user.script" value=""/>
    <property name="sun.management.compiler" value="HotSpot 64-Bit Tiered Compilers"/>
    <property name="java.runtime.version" value="19.0.1+10-21"/>
    <property name="user.name" value="paolo"/>
    <property name="stdout.encoding" value="Cp1252"/>
    <property name="path.separator" value=";"/>
    <property name="os.version" value="10.0"/>
    <property name="java.runtime.name" value="Java(TM) SE Runtime Environment"/>
    <property name="file.encoding" value="UTF-8"/>
    <property name="java.vm.name" value="Java HotSpot(TM) 64-Bit Server VM"/>
    <property name="localRepository" value="C:\Users\paolo\.m2\repository"/>
    <property name="java.vendor.url.bug" value="https://bugreport.java.com/bugreport/"/>
    <property name="java.io.tmpdir" value="C:\Users\paolo\AppData\Local\Temp\"/>
    <property name="java.version" value="19.0.1"/>
    <property name="user.dir" value="C:\Users\paolo\Desktop\Monopoli"/>
    <property name="os.arch" value="amd64"/>
    <property name="java.vm.specification.name" value="Java Virtual Machine Specification"/>
    <property name="sun.os.patch.level" value=""/>
    <property name="native.encoding" value="Cp1252"/>
    <property name="java.library.path" value="C:\Program Files\Java\jdk-19\bin;C:\Windows\Sun\Java\bin;C:\Windows\system32;C:\Windows;C:\Program Files\Common Files\Oracle\Java\javapath;C:\Windows\system32;C:\Windows;C:\Windows\System32\Wbem;C:\Windows\System32\WindowsPowerShell\v1.0\;C:\Windows\System32\OpenSSH\;C:\Program Files\Git\cmd;C:\Program Files\Java\jdk-19\bin;C:\Program Files\apache-maven-3.8.6\bin;C:\Users\paolo\AppData\Local\Programs\Python\Python311\Scripts\;C:\Users\paolo\AppData\Local\Programs\Python\Python311\;C:\Users\paolo\AppData\Local\Microsoft\WindowsApps;;C:\Users\paolo\AppData\Local\Programs\Microsoft VS Code\bin;."/>
    <property name="java.vm.info" value="mixed mode, sharing"/>
    <property name="stderr.encoding" value="Cp1252"/>
    <property name="java.vendor" value="Oracle Corporation"/>
    <property name="java.vm.version" value="19.0.1+10-21"/>
    <property name="sun.io.unicode.encoding" value="UnicodeLittle"/>
    <property name="java.class.version" value="63.0"/>
  </properties>
  <testcase name="testCostruttoreGUI" classname="it.unimol.monopoli.PlayerTest" time="0.045"/>
  <testcase name="testAdvancesBox" classname="it.unimol.monopoli.PlayerTest" time="0"/>
  <testcase name="testCostruttoreUI" classname="it.unimol.monopoli.PlayerTest" time="0"/>
  <testcase name="tesAddMoney" classname="it.unimol.monopoli.PlayerTest" time="0.001"/>
  <testcase name="testPrison" classname="it.unimol.monopoli.PlayerTest" time="0"/>
  <testcase name="testAddContract" classname="it.unimol.monopoli.PlayerTest" time="0.002"/>
  <testcase name="testSetMoney" classname="it.unimol.monopoli.PlayerTest" time="0.002"/>
</testsuite>